C51 COMPILER V9.53.0.0   DELAY                                                             09/30/2024 12:28:05 PAGE 1   


C51 COMPILER V9.53.0.0, COMPILATION OF MODULE DELAY
OBJECT MODULE PLACED IN .\Code\Obj\Delay.obj
COMPILER INVOKED BY: D:\USR\Keil_v5\C51\BIN\C51.EXE Common\Delay.c OPTIMIZE(8,SPEED) BROWSE INCDIR(.\Lib_nuvoton;.\Commo
                    -n;.\Code\Head;.\Code\Source;.\Code\Obj;.\LST;.\Output) DEFINE(FOSC_160000) DEBUG OBJECTEXTEND PRINT(.\LST\Delay.lst) TAB
                    -S(2) OBJECT(.\Code\Obj\Delay.obj)

line level    source

   1          /*--------------------------------------------------------------------------------------------------------
             --*/
   2          /*                                                                                                        
             - */
   3          /* Copyright(c) 2016 Nuvoton Technology Corp. All rights reserved.                                        
             - */
   4          /*                                                                                                        
             - */
   5          /*--------------------------------------------------------------------------------------------------------
             --*/
   6          
   7          //********************************************************************************************************
             -***
   8          //  Nuvoton Technoledge Corp. 
   9          //  Website: http://www.nuvoton.com
  10          //  E-Mail : MicroC-8bit@nuvoton.com
  11          //  Date   : Apr/21/2016
  12          //********************************************************************************************************
             -***
  13          
  14          #include "N76E003.h"
  15          /*
  16          
  17          bit BIT_TMP;
  18          
  19          //-------------------------------------------------------------------------
  20          void Timer0_Delay100us(UINT32 u32CNT)
  21          {
  22              clr_T0M;                                    //T0M=0, Timer0 Clock = Fsys/12
  23              TMOD |= 0x01;                               //Timer0 is 16-bit mode
  24              set_TR0;                                    //Start Timer0
  25              while (u32CNT != 0)
  26              {
  27                  TL0 = LOBYTE(TIMER_DIV12_VALUE_100us);  //Find  define in "Function_define.h" "TIMER VALUE"
  28                  TH0 = HIBYTE(TIMER_DIV12_VALUE_100us);
  29                  while (TF0 != 1);                       //Check Timer0 Time-Out Flag
  30                  clr_TF0;
  31                  u32CNT --;
  32              }
  33              clr_TR0;                                    //Stop Timer0
  34          }
  35          ////------------------------------------------------------------------------------
  36          void Timer0_Delay1ms(UINT32 u32CNT)
  37          {
  38              clr_T0M;                                    //T0M=0, Timer0 Clock = Fsys/12
  39              TMOD |= 0x01;                               //Timer0 is 16-bit mode
  40              set_TR0;                                    //Start Timer0
  41              while (u32CNT != 0)
  42              {
  43                  TL0 = LOBYTE(TIMER_DIV12_VALUE_1ms);    //Find  define in "Function_define.h" "TIMER VALUE"
  44                  TH0 = HIBYTE(TIMER_DIV12_VALUE_1ms);
  45                  while (TF0 != 1);                       //Check Timer0 Time-Out Flag
  46                  clr_TF0;
C51 COMPILER V9.53.0.0   DELAY                                                             09/30/2024 12:28:05 PAGE 2   

  47                  u32CNT --;
  48              }
  49              clr_TR0;                                    //Stop Timer0
  50          }
  51          
  52          ////------------------------------------------------------------------------------
  53          void Timer1_Delay10ms(UINT32 u32CNT)
  54          {
  55              clr_T1M;                                    //T1M=0, Timer1 Clock = Fsys/12
  56              TMOD |= 0x10;                               //Timer1 is 16-bit mode
  57              set_TR1;                                    //Start Timer1
  58              while (u32CNT != 0)
  59              {
  60                  TL1 = LOBYTE(TIMER_DIV12_VALUE_10ms);   //Find  define in "Function_define.h" "TIMER VALUE"
  61                  TH1 = HIBYTE(TIMER_DIV12_VALUE_10ms);
  62                  while (TF1 != 1);                       //Check Timer1 Time-Out Flag
  63                  clr_TF1;
  64                  u32CNT --;
  65              }
  66              clr_TR1;                                    //Stop Timer1
  67          }
  68          ////------------------------------------------------------------------------------
  69          //void Timer2_Delay500us(UINT32 u32CNT)
  70          //{
  71          //    clr_T2DIV2;                                 //Timer2 Clock = Fsys/4 
  72          //    clr_T2DIV1;
  73          //    set_T2DIV0;
  74          //    set_TR2;                                    //Start Timer2
  75          //    while (u32CNT != 0)
  76          //    {
  77          //        TL2 = LOBYTE(TIMER_DIV4_VALUE_500us);   //Find  define in "Function_define.h" "TIMER VALUE"
  78          //        TH2 = HIBYTE(TIMER_DIV4_VALUE_500us);
  79          //        while (TF2 != 1);                       //Check Timer2 Time-Out Flag
  80          //        clr_TF2;
  81          //        u32CNT --;
  82          //    }
  83          //    clr_TR2;                                    //Stop Timer2
  84          //}
  85          ////------------------------------------------------------------------------------
  86          void Timer3_Delay100ms(UINT32 u32CNT)
  87          {
  88              T3CON = 0x07;                               //Timer3 Clock = Fsys/128
  89              set_TR3;                                    //Trigger Timer3
  90              while (u32CNT != 0)
  91              {
  92                  RL3 = LOBYTE(TIMER_DIV128_VALUE_100ms); //Find  define in "Function_define.h" "TIMER VALUE"
  93                  RH3 = HIBYTE(TIMER_DIV128_VALUE_100ms);
  94                  while ((T3CON&SET_BIT4) != SET_BIT4);   //Check Timer3 Time-Out Flag
  95                  clr_TF3;
  96                  u32CNT --;
  97              }
  98              clr_TR3;                                    //Stop Timer3
  99          }
 100          ////------------------------------------------------------------------------------
 101          void Timer3_Delay10us(UINT32 u32CNT)
 102          {
 103              T3CON = 0x07;                               //Timer3 Clock = Fsys/128
 104              set_TR3;                                    //Trigger Timer3
 105              while (u32CNT != 0)
 106              {
 107                  RL3 = LOBYTE(TIMER_DIV4_VALUE_10us); //Find  define in "Function_define.h" "TIMER VALUE"
 108                  RH3 = HIBYTE(TIMER_DIV4_VALUE_10us);
C51 COMPILER V9.53.0.0   DELAY                                                             09/30/2024 12:28:05 PAGE 3   

 109                  while ((T3CON&SET_BIT4) != SET_BIT4);   //Check Timer3 Time-Out Flag
 110                  clr_TF3;
 111                  u32CNT --;
 112              }
 113              clr_TR3;                                    //Stop Timer3
 114          }
 115          */


MODULE INFORMATION:   STATIC OVERLAYABLE
   CODE SIZE        =   ----    ----
   CONSTANT SIZE    =   ----    ----
   XDATA SIZE       =   ----    ----
   PDATA SIZE       =   ----    ----
   DATA SIZE        =   ----    ----
   IDATA SIZE       =   ----    ----
   BIT SIZE         =   ----    ----
END OF MODULE INFORMATION.


C51 COMPILATION COMPLETE.  0 WARNING(S),  0 ERROR(S)
