C51 COMPILER V9.53.0.0   GPIO                                                              09/25/2024 13:50:12 PAGE 1   


C51 COMPILER V9.53.0.0, COMPILATION OF MODULE GPIO
OBJECT MODULE PLACED IN .\Code\Obj\GPIO.obj
COMPILER INVOKED BY: D:\USR\Keil_v5\C51\BIN\C51.EXE Code\Source\GPIO.c OPTIMIZE(8,SPEED) BROWSE INCDIR(.\Lib_nuvoton;.\C
                    -ommon;.\Code\Head;.\Code\Source;.\Code\Obj;.\LST;.\Output) DEFINE(FOSC_160000) DEBUG OBJECTEXTEND PRINT(.\LST\GPIO.lst) 
                    -TABS(2) OBJECT(.\Code\Obj\GPIO.obj)

line level    source

   1          //**************************************************************************
   2          //  настройка прочей переферии сенсора
   3          //**************************************************************************
   4          
   5          #include <GPIO.h>
   6          #include <N76E003.h>
   7          
   8          void Led_Switch_State(){}
   9          void Button_Read(){}
  10          int Switch_State_Power_RF(){
  11   1        return PIN_RF_ON =~PIN_RF_ON;
  12   1      }


MODULE INFORMATION:   STATIC OVERLAYABLE
   CODE SIZE        =     12    ----
   CONSTANT SIZE    =   ----    ----
   XDATA SIZE       =   ----    ----
   PDATA SIZE       =   ----    ----
   DATA SIZE        =   ----    ----
   IDATA SIZE       =   ----    ----
   BIT SIZE         =   ----    ----
END OF MODULE INFORMATION.


C51 COMPILATION COMPLETE.  0 WARNING(S),  0 ERROR(S)
