C51 COMPILER V9.53.0.0   MAIN                                                              10/15/2024 15:56:21 PAGE 1   


C51 COMPILER V9.53.0.0, COMPILATION OF MODULE MAIN
OBJECT MODULE PLACED IN .\Code\Obj\main.obj
COMPILER INVOKED BY: D:\USR\Keil_v5\C51\BIN\C51.EXE Code\Source\main.c OPTIMIZE(8,SPEED) BROWSE INCDIR(.\Lib_nuvoton;.\C
                    -ommon;.\Code\Head;.\Code\Source;.\Code\Obj;.\LST;.\Output) DEFINE(FOSC_160000) DEBUG OBJECTEXTEND PRINT(.\LST\main.lst) 
                    -TABS(2) OBJECT(.\Code\Obj\main.obj)

line level    source

   1          //********************************************************
   2          //  MAIN 
   3          //********************************************************
   4          
   5          #include <CENCOR_PROGRAMM.h>
   6          
   7          void main(){
   8   1        //int count = 0;
   9   1        
  10   1        /****************/
  11   1        /*    init      */
  12   1        /****************/  
  13   1        init_device();
  14   1        /****************/
  15   1        /* start work   */
  16   1        /****************/
  17   1        //FlagSPIGlobal = 1;
  18   1        /****************/
  19   1        while(1){
  20   2        /****************/
  21   2        /*  main work   */
  22   2        /****************/
  23   2          //PIN_CLK_SPI = TactTimer0;
  24   2          Work_NRF();
  25   2          //PIN_LED_RED = Button_Read();  //чтение кнопки
  26   2        }
  27   1      }
  28          


MODULE INFORMATION:   STATIC OVERLAYABLE
   CODE SIZE        =      8    ----
   CONSTANT SIZE    =   ----    ----
   XDATA SIZE       =   ----    ----
   PDATA SIZE       =   ----    ----
   DATA SIZE        =   ----    ----
   IDATA SIZE       =   ----    ----
   BIT SIZE         =   ----    ----
END OF MODULE INFORMATION.


C51 COMPILATION COMPLETE.  0 WARNING(S),  0 ERROR(S)
