C51 COMPILER V9.53.0.0   NRF_EX                                                            11/11/2024 11:51:25 PAGE 1   


C51 COMPILER V9.53.0.0, COMPILATION OF MODULE NRF_EX
OBJECT MODULE PLACED IN .\Code\Obj\NRF_ex.obj
COMPILER INVOKED BY: D:\USR\Keil_v5\C51\BIN\C51.EXE Code\Source\NRF_ex.c OPTIMIZE(8,SPEED) BROWSE INCDIR(.\Lib_nuvoton;.
                    -\Common;.\Code\Head;.\Code\Source;.\Code\Obj;.\LST;.\Output) DEFINE(FOSC_160000) DEBUG OBJECTEXTEND PRINT(.\LST\NRF_ex.l
                    -st) TABS(2) OBJECT(.\Code\Obj\NRF_ex.obj)

line level    source

   1          //**************************************************************************
   2          //  SPI_ N76
   3          //**************************************************************************
   4          #include <NRF_ex.h>
   5          #include <GPIO.h>
   6          #include <N76E003.H>


MODULE INFORMATION:   STATIC OVERLAYABLE
   CODE SIZE        =   ----    ----
   CONSTANT SIZE    =   ----    ----
   XDATA SIZE       =   ----    ----
   PDATA SIZE       =   ----    ----
   DATA SIZE        =   ----    ----
   IDATA SIZE       =   ----    ----
   BIT SIZE         =   ----    ----
END OF MODULE INFORMATION.


C51 COMPILATION COMPLETE.  0 WARNING(S),  0 ERROR(S)
