C51 COMPILER V9.53.0.0   SPI                                                               08/23/2024 19:06:42 PAGE 1   


C51 COMPILER V9.53.0.0, COMPILATION OF MODULE SPI
OBJECT MODULE PLACED IN .\Code\Obj\SPI.obj
COMPILER INVOKED BY: D:\USR\Keil_v5\C51\BIN\C51.EXE Code\Source\SPI.c OPTIMIZE(8,SPEED) BROWSE INCDIR(.\Lib_nuvoton;.\Co
                    -mmon;.\Code\Head;.\Code\Source;.\Code\Obj;.\LST;.\Output) DEFINE(FOSC_160000) DEBUG OBJECTEXTEND PRINT(.\LST\SPI.lst) TA
                    -BS(2) OBJECT(.\Code\Obj\SPI.obj)

line level    source

   1          //**************************************************************************
   2          //  SPI_ N76
   3          //**************************************************************************
   4          #include <SPI.h>
   5          #include <GPIO.h>
   6          #include <N76E003.H>
   7          
   8          
   9          void SPI_Initial(void){ 
  10   1      //  set_DISMODF;                // SS General purpose I/O ( No Mode Fault ) 
  11   1      //  //clr_SSOE;
  12   1      //  /***/ // настройка управлением cs
  13   1      //  //clr_LSBFE;                    // 1 младший бит       
  14   1      //  set_LSBFE;
  15   1      //  /***/ // настройка отправки данных начинается с msb
  16   1      //  clr_CPOL;                     // 
  17   1      //  clr_CPHA;                     // 
  18   1      //  /***/ // настройки 2 битов отвечающие за вид clk
  19   1      //  set_MSTR;                     // SPI in Master mode 
  20   1      //  SPICLK_DIV16;                 // Select SPI clock : 1M bit/s
  21   1      //  set_SPIEN;                    // Enable SPI function (настраивать в конце!)
  22   1      //  /***/ // настройка режимов SPI
  23   1      //  //clr_SPIF;
  24   1      //  
  25   1      SPICLK_DIV2;                              // Select SPI clock 
  26   1        
  27   1          set_DISMODF;// SS General purpose I/O ( No Mode Fault ) 
  28   1          set_MSTR;   // SPI in Master mode 
  29   1          clr_CPOL;   // The SPI clock is low in idle mode
  30   1          set_CPHA;   // The data is sample on the second edge of SPI clock 
  31   1          set_SPIEN;  // Enable SPI function 
  32   1      
  33   1      }
  34          
  35          unsigned char SPI_Send(unsigned char sendData){
  36   1        unsigned char buffer;
  37   1        SPDR = sendData;
  38   1        while(!(SPSR & SET_BIT7));
  39   1        //Timer0_Delay100us(10);
  40   1        //buffer = SPDR;
  41   1        clr_SPIF;
  42   1        return buffer;
  43   1      }
  44          
  45          unsigned char SPI_Read(unsigned char receiveData){
  46   1        //CS= 0;
  47   1        PCON |= SET_BIT0;         // Enter idle mode
  48   1        //receiveData = SPDR;
  49   1        //  need clr_SPIF;
  50   1        //CS = 1;
  51   1        return SPDR;
  52   1      }
*** WARNING C280 IN LINE 45 OF Code\Source\SPI.c: 'receiveData': unreferenced local variable
C51 COMPILER V9.53.0.0   SPI                                                               08/23/2024 19:06:42 PAGE 2   

  53          
  54          
  55          
  56          


MODULE INFORMATION:   STATIC OVERLAYABLE
   CODE SIZE        =     43    ----
   CONSTANT SIZE    =   ----    ----
   XDATA SIZE       =   ----    ----
   PDATA SIZE       =   ----    ----
   DATA SIZE        =   ----       2
   IDATA SIZE       =   ----    ----
   BIT SIZE         =   ----    ----
END OF MODULE INFORMATION.


C51 COMPILATION COMPLETE.  1 WARNING(S),  0 ERROR(S)
